Determining if the __i386__ exist failed with the following output:
Change Dir: /home/chereshnya/Me/nginx_test/backend/build/CMakeFiles/CMakeTmp

Run Build Command(s):/usr/bin/gmake -f Makefile cmTC_31054/fast && /usr/bin/gmake  -f CMakeFiles/cmTC_31054.dir/build.make CMakeFiles/cmTC_31054.dir/build
gmake[1]: Entering directory '/home/chereshnya/Me/nginx_test/backend/build/CMakeFiles/CMakeTmp'
Building CXX object CMakeFiles/cmTC_31054.dir/CheckSymbolExists.cxx.o
/usr/bin/c++    -o CMakeFiles/cmTC_31054.dir/CheckSymbolExists.cxx.o -c /home/chereshnya/Me/nginx_test/backend/build/CMakeFiles/CMakeTmp/CheckSymbolExists.cxx
/home/chereshnya/Me/nginx_test/backend/build/CMakeFiles/CMakeTmp/CheckSymbolExists.cxx: In function ‘int main(int, char**)’:
/home/chereshnya/Me/nginx_test/backend/build/CMakeFiles/CMakeTmp/CheckSymbolExists.cxx:7:19: error: ‘__i386__’ was not declared in this scope
    7 |   return ((int*)(&__i386__))[argc];
      |                   ^~~~~~~~
gmake[1]: *** [CMakeFiles/cmTC_31054.dir/build.make:78: CMakeFiles/cmTC_31054.dir/CheckSymbolExists.cxx.o] Error 1
gmake[1]: Leaving directory '/home/chereshnya/Me/nginx_test/backend/build/CMakeFiles/CMakeTmp'
gmake: *** [Makefile:127: cmTC_31054/fast] Error 2


File /home/chereshnya/Me/nginx_test/backend/build/CMakeFiles/CMakeTmp/CheckSymbolExists.cxx:
/* */

int main(int argc, char** argv)
{
  (void)argv;
#ifndef __i386__
  return ((int*)(&__i386__))[argc];
#else
  (void)argc;
  return 0;
#endif
}
Determining if the __arm__ exist failed with the following output:
Change Dir: /home/chereshnya/Me/nginx_test/backend/build/CMakeFiles/CMakeTmp

Run Build Command(s):/usr/bin/gmake -f Makefile cmTC_1e166/fast && /usr/bin/gmake  -f CMakeFiles/cmTC_1e166.dir/build.make CMakeFiles/cmTC_1e166.dir/build
gmake[1]: Entering directory '/home/chereshnya/Me/nginx_test/backend/build/CMakeFiles/CMakeTmp'
Building CXX object CMakeFiles/cmTC_1e166.dir/CheckSymbolExists.cxx.o
/usr/bin/c++    -o CMakeFiles/cmTC_1e166.dir/CheckSymbolExists.cxx.o -c /home/chereshnya/Me/nginx_test/backend/build/CMakeFiles/CMakeTmp/CheckSymbolExists.cxx
/home/chereshnya/Me/nginx_test/backend/build/CMakeFiles/CMakeTmp/CheckSymbolExists.cxx: In function ‘int main(int, char**)’:
/home/chereshnya/Me/nginx_test/backend/build/CMakeFiles/CMakeTmp/CheckSymbolExists.cxx:7:19: error: ‘__arm__’ was not declared in this scope
    7 |   return ((int*)(&__arm__))[argc];
      |                   ^~~~~~~
gmake[1]: *** [CMakeFiles/cmTC_1e166.dir/build.make:78: CMakeFiles/cmTC_1e166.dir/CheckSymbolExists.cxx.o] Error 1
gmake[1]: Leaving directory '/home/chereshnya/Me/nginx_test/backend/build/CMakeFiles/CMakeTmp'
gmake: *** [Makefile:127: cmTC_1e166/fast] Error 2


File /home/chereshnya/Me/nginx_test/backend/build/CMakeFiles/CMakeTmp/CheckSymbolExists.cxx:
/* */

int main(int argc, char** argv)
{
  (void)argv;
#ifndef __arm__
  return ((int*)(&__arm__))[argc];
#else
  (void)argc;
  return 0;
#endif
}
